<?xml version="1.0" encoding="UTF-8"?>
<!-- Generated by org.testng.reporters.JUnitReportReporter -->
<testsuite skipped="9" hostname="DESKTOP-CIBJPLA" name="via.Login" tests="12" failures="0" timestamp="2021-10-01T10:54:36 IST" time="57.433" errors="0">
  <testcase name="tc_12" time="40.432" classname="via.Login"/>
  <system-out/>
  <testcase name="tc_14" time="10.014" classname="via.Login"/>
  <system-out/>
  <testcase name="tc_13" time="6.987" classname="via.Login"/>
  <system-out/>
  <testcase name="tc_8" classname="via.Login">
    <skipped/>
  </testcase> <!-- tc_8 -->
  <system-out/>
  <testcase name="tc_1" classname="via.Login">
    <skipped/>
  </testcase> <!-- tc_1 -->
  <system-out/>
  <testcase name="tc_2" classname="via.Login">
    <skipped/>
  </testcase> <!-- tc_2 -->
  <system-out/>
  <testcase name="tc_5" classname="via.Login">
    <skipped/>
  </testcase> <!-- tc_5 -->
  <system-out/>
  <testcase name="tc_3" classname="via.Login">
    <skipped/>
  </testcase> <!-- tc_3 -->
  <system-out/>
  <testcase name="tc_6" classname="via.Login">
    <skipped/>
  </testcase> <!-- tc_6 -->
  <system-out/>
  <testcase name="tc_9" classname="via.Login">
    <skipped/>
  </testcase> <!-- tc_9 -->
  <system-out/>
  <testcase name="tc_4" classname="via.Login">
    <skipped/>
  </testcase> <!-- tc_4 -->
  <system-out/>
  <testcase name="tc_7" classname="via.Login">
    <skipped/>
  </testcase> <!-- tc_7 -->
  <system-out/>
</testsuite> <!-- via.Login -->
