<?xml version="1.0" encoding="UTF-8"?>
<!-- Generated by org.testng.reporters.JUnitReportReporter -->
<testsuite skipped="0" hostname="DESKTOP-CIBJPLA" name="via.SignUp" tests="13" failures="0" timestamp="2021-10-05T12:13:35 IST" time="39.133" errors="0">
  <testcase name="tc_16" time="2.279" classname="via.SignUp"/>
  <system-out/>
  <testcase name="tc_17" time="2.571" classname="via.SignUp"/>
  <system-out/>
  <testcase name="tc_20" time="2.578" classname="via.SignUp"/>
  <system-out/>
  <testcase name="tc_23" time="2.318" classname="via.SignUp"/>
  <system-out/>
  <testcase name="tc_25" time="4.285" classname="via.SignUp"/>
  <system-out/>
  <testcase name="tc_13" time="8.233" classname="via.SignUp"/>
  <system-out/>
  <testcase name="tc_24" time="2.361" classname="via.SignUp"/>
  <system-out/>
  <testcase name="tc_14" time="2.539" classname="via.SignUp"/>
  <system-out/>
  <testcase name="tc_15" time="2.469" classname="via.SignUp"/>
  <system-out/>
  <testcase name="tc_18" time="2.419" classname="via.SignUp"/>
  <system-out/>
  <testcase name="tc_19" time="2.507" classname="via.SignUp"/>
  <system-out/>
  <testcase name="tc_22" time="2.494" classname="via.SignUp"/>
  <system-out/>
  <testcase name="tc_21" time="2.080" classname="via.SignUp"/>
  <system-out/>
</testsuite> <!-- via.SignUp -->
