<?xml version="1.0" encoding="UTF-8"?>
<!-- Generated by org.testng.reporters.JUnitReportReporter -->
<testsuite skipped="0" hostname="DESKTOP-CIBJPLA" name="via.Login" tests="12" failures="0" timestamp="2021-10-06T12:14:57 IST" time="63.335" errors="0">
  <testcase name="tc_05" time="1.865" classname="via.Login"/>
  <system-out/>
  <testcase name="tc_06" time="1.781" classname="via.Login"/>
  <system-out/>
  <testcase name="tc_12" time="4.781" classname="via.Login"/>
  <system-out/>
  <testcase name="tc_03" time="2.105" classname="via.Login"/>
  <system-out/>
  <testcase name="tc_07" time="1.662" classname="via.Login"/>
  <system-out/>
  <testcase name="tc_01" time="5.835" classname="via.Login"/>
  <system-out/>
  <testcase name="tc_09" time="3.693" classname="via.Login"/>
  <system-out/>
  <testcase name="tc_11" time="29.920" classname="via.Login"/>
  <system-out/>
  <testcase name="tc_02" time="3.635" classname="via.Login"/>
  <system-out/>
  <testcase name="tc_08" time="1.649" classname="via.Login"/>
  <system-out/>
  <testcase name="tc_10" time="4.420" classname="via.Login"/>
  <system-out/>
  <testcase name="tc_04" time="1.989" classname="via.Login"/>
  <system-out/>
</testsuite> <!-- via.Login -->
