<?xml version="1.0" encoding="UTF-8"?>
<!-- Generated by org.testng.reporters.JUnitReportReporter -->
<testsuite skipped="12" hostname="DESKTOP-CIBJPLA" name="via.SignUp" tests="13" failures="0" timestamp="2021-09-30T13:31:24 IST" time="6.753" errors="0">
  <testcase name="tc_20" time="6.753" classname="via.SignUp"/>
  <system-out/>
  <testcase name="tc_22" classname="via.SignUp">
    <skipped/>
  </testcase> <!-- tc_22 -->
  <system-out/>
  <testcase name="tc_21" classname="via.SignUp">
    <skipped/>
  </testcase> <!-- tc_21 -->
  <system-out/>
  <testcase name="tc_19" classname="via.SignUp">
    <skipped/>
  </testcase> <!-- tc_19 -->
  <system-out/>
  <testcase name="tc_18" classname="via.SignUp">
    <skipped/>
  </testcase> <!-- tc_18 -->
  <system-out/>
  <testcase name="tc_17" classname="via.SignUp">
    <skipped/>
  </testcase> <!-- tc_17 -->
  <system-out/>
  <testcase name="tc_16" classname="via.SignUp">
    <skipped/>
  </testcase> <!-- tc_16 -->
  <system-out/>
  <testcase name="tc_15" classname="via.SignUp">
    <skipped/>
  </testcase> <!-- tc_15 -->
  <system-out/>
  <testcase name="tc_14" classname="via.SignUp">
    <skipped/>
  </testcase> <!-- tc_14 -->
  <system-out/>
  <testcase name="tc_25" classname="via.SignUp">
    <skipped/>
  </testcase> <!-- tc_25 -->
  <system-out/>
  <testcase name="tc_13" classname="via.SignUp">
    <skipped/>
  </testcase> <!-- tc_13 -->
  <system-out/>
  <testcase name="tc_24" classname="via.SignUp">
    <skipped/>
  </testcase> <!-- tc_24 -->
  <system-out/>
  <testcase name="tc_23" classname="via.SignUp">
    <skipped/>
  </testcase> <!-- tc_23 -->
  <system-out/>
</testsuite> <!-- via.SignUp -->
