<?xml version="1.0" encoding="UTF-8"?>
<!-- Generated by org.testng.reporters.JUnitReportReporter -->
<testsuite skipped="0" hostname="DESKTOP-CIBJPLA" name="via.Hotels" tests="10" failures="0" timestamp="2021-10-06T12:23:46 IST" time="249.940" errors="0">
  <testcase name="tc_63" time="25.169" classname="via.Hotels"/>
  <system-out/>
  <testcase name="tc_62" time="24.639" classname="via.Hotels"/>
  <system-out/>
  <testcase name="tc_65" time="25.791" classname="via.Hotels"/>
  <system-out/>
  <testcase name="tc_64" time="24.837" classname="via.Hotels"/>
  <system-out/>
  <testcase name="tc_57" time="28.441" classname="via.Hotels"/>
  <system-out/>
  <testcase name="tc_61" time="24.716" classname="via.Hotels"/>
  <system-out/>
  <testcase name="tc_58" time="16.686" classname="via.Hotels"/>
  <system-out/>
  <testcase name="tc_66" time="26.870" classname="via.Hotels"/>
  <system-out/>
  <testcase name="tc_59" time="27.350" classname="via.Hotels"/>
  <system-out/>
  <testcase name="tc_60" time="25.441" classname="via.Hotels"/>
  <system-out/>
</testsuite> <!-- via.Hotels -->
