<?xml version="1.0" encoding="UTF-8"?>
<!-- Generated by org.testng.reporters.JUnitReportReporter -->
<testsuite skipped="6" hostname="DESKTOP-CIBJPLA" name="via.Login" tests="12" failures="0" timestamp="2021-10-05T12:17:03 IST" time="41.802" errors="0">
  <testcase name="tc_11" time="19.524" classname="via.Login"/>
  <system-out/>
  <testcase name="tc_08" time="2.283" classname="via.Login"/>
  <system-out/>
  <testcase name="tc_10" time="4.232" classname="via.Login"/>
  <system-out/>
  <testcase name="tc_09" time="4.560" classname="via.Login"/>
  <system-out/>
  <testcase name="tc_07" time="4.713" classname="via.Login"/>
  <system-out/>
  <testcase name="tc_12" time="6.490" classname="via.Login"/>
  <system-out/>
  <testcase name="tc_01" classname="via.Login">
    <skipped/>
  </testcase> <!-- tc_01 -->
  <system-out/>
  <testcase name="tc_04" classname="via.Login">
    <skipped/>
  </testcase> <!-- tc_04 -->
  <system-out/>
  <testcase name="tc_06" classname="via.Login">
    <skipped/>
  </testcase> <!-- tc_06 -->
  <system-out/>
  <testcase name="tc_03" classname="via.Login">
    <skipped/>
  </testcase> <!-- tc_03 -->
  <system-out/>
  <testcase name="tc_05" classname="via.Login">
    <skipped/>
  </testcase> <!-- tc_05 -->
  <system-out/>
  <testcase name="tc_02" classname="via.Login">
    <skipped/>
  </testcase> <!-- tc_02 -->
  <system-out/>
</testsuite> <!-- via.Login -->
