<?xml version="1.0" encoding="UTF-8"?>
<!-- Generated by org.testng.reporters.JUnitReportReporter -->
<testsuite skipped="0" hostname="DESKTOP-CIBJPLA" name="via.SignUp" tests="13" failures="0" timestamp="2021-10-05T08:55:24 IST" time="38.873" errors="0">
  <testcase name="tc_16" time="2.270" classname="via.SignUp"/>
  <system-out/>
  <testcase name="tc_17" time="2.709" classname="via.SignUp"/>
  <system-out/>
  <testcase name="tc_20" time="2.297" classname="via.SignUp"/>
  <system-out/>
  <testcase name="tc_23" time="2.275" classname="via.SignUp"/>
  <system-out/>
  <testcase name="tc_25" time="4.283" classname="via.SignUp"/>
  <system-out/>
  <testcase name="tc_13" time="7.830" classname="via.SignUp"/>
  <system-out/>
  <testcase name="tc_24" time="2.188" classname="via.SignUp"/>
  <system-out/>
  <testcase name="tc_14" time="3.083" classname="via.SignUp"/>
  <system-out/>
  <testcase name="tc_15" time="2.276" classname="via.SignUp"/>
  <system-out/>
  <testcase name="tc_18" time="2.869" classname="via.SignUp"/>
  <system-out/>
  <testcase name="tc_19" time="2.476" classname="via.SignUp"/>
  <system-out/>
  <testcase name="tc_22" time="2.310" classname="via.SignUp"/>
  <system-out/>
  <testcase name="tc_21" time="2.007" classname="via.SignUp"/>
  <system-out/>
</testsuite> <!-- via.SignUp -->
